Analysis & Synthesis report for BB_SYSTEM
Wed Mar 03 08:23:33 2021
Quartus Prime Version 19.1.0 Build 670 09/22/2019 SJ Lite Edition


---------------------
; Table of Contents ;
---------------------
  1. Legal Notice
  2. Analysis & Synthesis Summary
  3. Analysis & Synthesis Settings
  4. Parallel Compilation
  5. Analysis & Synthesis Source Files Read
  6. Analysis & Synthesis Resource Usage Summary
  7. Analysis & Synthesis Resource Utilization by Entity
  8. General Register Statistics
  9. Parameter Settings for User Entity Instance: Top-level Entity: |BB_SYSTEM
 10. Parameter Settings for User Entity Instance: CC_COMPARATOR:CC_COMPARATOR_u0
 11. Parameter Settings for User Entity Instance: CC_COMPARATOR:CC_COMPARATOR_u0|CC_GREATERTHAN:CC_GREATERTHAN_u0
 12. Parameter Settings for User Entity Instance: CC_COMPARATOR:CC_COMPARATOR_u0|CC_LESSTHAN:CC_LESSTHAN_u0
 13. Parameter Settings for User Entity Instance: CC_COMPARATOR:CC_COMPARATOR_u0|CC_EQUAL:CC_EQUAL_u0
 14. Post-Synthesis Netlist Statistics for Top Partition
 15. Elapsed Time Per Partition
 16. Analysis & Synthesis Messages



----------------
; Legal Notice ;
----------------
Copyright (C) 2019  Intel Corporation. All rights reserved.
Your use of Intel Corporation's design tools, logic functions 
and other software and tools, and any partner logic 
functions, and any output files from any of the foregoing 
(including device programming or simulation files), and any 
associated documentation or information are expressly subject 
to the terms and conditions of the Intel Program License 
Subscription Agreement, the Intel Quartus Prime License Agreement,
the Intel FPGA IP License Agreement, or other applicable license
agreement, including, without limitation, that your use is for
the sole purpose of programming logic devices manufactured by
Intel and sold by Intel or its authorized distributors.  Please
refer to the applicable agreement for further details, at
https://fpgasoftware.intel.com/eula.



+----------------------------------------------------------------------------------+
; Analysis & Synthesis Summary                                                     ;
+------------------------------------+---------------------------------------------+
; Analysis & Synthesis Status        ; Successful - Wed Mar 03 08:23:33 2021       ;
; Quartus Prime Version              ; 19.1.0 Build 670 09/22/2019 SJ Lite Edition ;
; Revision Name                      ; BB_SYSTEM                                   ;
; Top-level Entity Name              ; BB_SYSTEM                                   ;
; Family                             ; Cyclone IV E                                ;
; Total logic elements               ; 13                                          ;
;     Total combinational functions  ; 13                                          ;
;     Dedicated logic registers      ; 0                                           ;
; Total registers                    ; 0                                           ;
; Total pins                         ; 19                                          ;
; Total virtual pins                 ; 0                                           ;
; Total memory bits                  ; 0                                           ;
; Embedded Multiplier 9-bit elements ; 0                                           ;
; Total PLLs                         ; 0                                           ;
+------------------------------------+---------------------------------------------+


+------------------------------------------------------------------------------------------------------------+
; Analysis & Synthesis Settings                                                                              ;
+------------------------------------------------------------------+--------------------+--------------------+
; Option                                                           ; Setting            ; Default Value      ;
+------------------------------------------------------------------+--------------------+--------------------+
; Device                                                           ; EP4CE22F17C6       ;                    ;
; Top-level entity name                                            ; BB_SYSTEM          ; BB_SYSTEM          ;
; Family name                                                      ; Cyclone IV E       ; Cyclone V          ;
; Maximum processors allowed for parallel compilation              ; 4                  ;                    ;
; Use smart compilation                                            ; Off                ; Off                ;
; Enable parallel Assembler and Timing Analyzer during compilation ; On                 ; On                 ;
; Enable compact report table                                      ; Off                ; Off                ;
; Restructure Multiplexers                                         ; Auto               ; Auto               ;
; Create Debugging Nodes for IP Cores                              ; Off                ; Off                ;
; Preserve fewer node names                                        ; On                 ; On                 ;
; Intel FPGA IP Evaluation Mode                                    ; Enable             ; Enable             ;
; Verilog Version                                                  ; Verilog_2001       ; Verilog_2001       ;
; VHDL Version                                                     ; VHDL_1993          ; VHDL_1993          ;
; State Machine Processing                                         ; Auto               ; Auto               ;
; Safe State Machine                                               ; Off                ; Off                ;
; Extract Verilog State Machines                                   ; On                 ; On                 ;
; Extract VHDL State Machines                                      ; On                 ; On                 ;
; Ignore Verilog initial constructs                                ; Off                ; Off                ;
; Iteration limit for constant Verilog loops                       ; 5000               ; 5000               ;
; Iteration limit for non-constant Verilog loops                   ; 250                ; 250                ;
; Add Pass-Through Logic to Inferred RAMs                          ; On                 ; On                 ;
; Infer RAMs from Raw Logic                                        ; On                 ; On                 ;
; Parallel Synthesis                                               ; On                 ; On                 ;
; DSP Block Balancing                                              ; Auto               ; Auto               ;
; NOT Gate Push-Back                                               ; On                 ; On                 ;
; Power-Up Don't Care                                              ; On                 ; On                 ;
; Remove Redundant Logic Cells                                     ; Off                ; Off                ;
; Remove Duplicate Registers                                       ; On                 ; On                 ;
; Ignore CARRY Buffers                                             ; Off                ; Off                ;
; Ignore CASCADE Buffers                                           ; Off                ; Off                ;
; Ignore GLOBAL Buffers                                            ; Off                ; Off                ;
; Ignore ROW GLOBAL Buffers                                        ; Off                ; Off                ;
; Ignore LCELL Buffers                                             ; Off                ; Off                ;
; Ignore SOFT Buffers                                              ; On                 ; On                 ;
; Limit AHDL Integers to 32 Bits                                   ; Off                ; Off                ;
; Optimization Technique                                           ; Balanced           ; Balanced           ;
; Carry Chain Length                                               ; 70                 ; 70                 ;
; Auto Carry Chains                                                ; On                 ; On                 ;
; Auto Open-Drain Pins                                             ; On                 ; On                 ;
; Perform WYSIWYG Primitive Resynthesis                            ; Off                ; Off                ;
; Auto ROM Replacement                                             ; On                 ; On                 ;
; Auto RAM Replacement                                             ; On                 ; On                 ;
; Auto DSP Block Replacement                                       ; On                 ; On                 ;
; Auto Shift Register Replacement                                  ; Auto               ; Auto               ;
; Allow Shift Register Merging across Hierarchies                  ; Auto               ; Auto               ;
; Auto Clock Enable Replacement                                    ; On                 ; On                 ;
; Strict RAM Replacement                                           ; Off                ; Off                ;
; Allow Synchronous Control Signals                                ; On                 ; On                 ;
; Force Use of Synchronous Clear Signals                           ; Off                ; Off                ;
; Auto RAM Block Balancing                                         ; On                 ; On                 ;
; Auto RAM to Logic Cell Conversion                                ; Off                ; Off                ;
; Auto Resource Sharing                                            ; Off                ; Off                ;
; Allow Any RAM Size For Recognition                               ; Off                ; Off                ;
; Allow Any ROM Size For Recognition                               ; Off                ; Off                ;
; Allow Any Shift Register Size For Recognition                    ; Off                ; Off                ;
; Use LogicLock Constraints during Resource Balancing              ; On                 ; On                 ;
; Ignore translate_off and synthesis_off directives                ; Off                ; Off                ;
; Timing-Driven Synthesis                                          ; On                 ; On                 ;
; Report Parameter Settings                                        ; On                 ; On                 ;
; Report Source Assignments                                        ; On                 ; On                 ;
; Report Connectivity Checks                                       ; On                 ; On                 ;
; Ignore Maximum Fan-Out Assignments                               ; Off                ; Off                ;
; Synchronization Register Chain Length                            ; 2                  ; 2                  ;
; Power Optimization During Synthesis                              ; Normal compilation ; Normal compilation ;
; HDL message level                                                ; Level2             ; Level2             ;
; Suppress Register Optimization Related Messages                  ; Off                ; Off                ;
; Number of Removed Registers Reported in Synthesis Report         ; 5000               ; 5000               ;
; Number of Swept Nodes Reported in Synthesis Report               ; 5000               ; 5000               ;
; Number of Inverted Registers Reported in Synthesis Report        ; 100                ; 100                ;
; Clock MUX Protection                                             ; On                 ; On                 ;
; Auto Gated Clock Conversion                                      ; Off                ; Off                ;
; Block Design Naming                                              ; Auto               ; Auto               ;
; SDC constraint protection                                        ; Off                ; Off                ;
; Synthesis Effort                                                 ; Auto               ; Auto               ;
; Shift Register Replacement - Allow Asynchronous Clear Signal     ; On                 ; On                 ;
; Pre-Mapping Resynthesis Optimization                             ; Off                ; Off                ;
; Analysis & Synthesis Message Level                               ; Medium             ; Medium             ;
; Disable Register Merging Across Hierarchies                      ; Auto               ; Auto               ;
; Resource Aware Inference For Block RAM                           ; On                 ; On                 ;
+------------------------------------------------------------------+--------------------+--------------------+


+------------------------------------------+
; Parallel Compilation                     ;
+----------------------------+-------------+
; Processors                 ; Number      ;
+----------------------------+-------------+
; Number detected on machine ; 8           ;
; Maximum allowed            ; 4           ;
;                            ;             ;
; Average used               ; 1.00        ;
; Maximum used               ; 1           ;
;                            ;             ;
; Usage by Processor         ; % Time Used ;
;     Processor 1            ; 100.0%      ;
+----------------------------+-------------+


+-----------------------------------------------------------------------------------------------------------------------------------------------------------------------------------------------------------------------------------------------------------------------------------+
; Analysis & Synthesis Source Files Read                                                                                                                                                                                                                                            ;
+----------------------------------+-----------------+------------------------+-------------------------------------------------------------------------------------------------------------------------------------------------------------------------------------------+---------+
; File Name with User-Entered Path ; Used in Netlist ; File Type              ; File Name with Absolute Path                                                                                                                                                              ; Library ;
+----------------------------------+-----------------+------------------------+-------------------------------------------------------------------------------------------------------------------------------------------------------------------------------------------+---------+
; rtl/CC_LESSTHAN.v                ; yes             ; User Verilog HDL File  ; C:/Users/santi/OneDrive/Escritorio/Tasks/UNIVERSIDAD de Los Andes/Tercer Semestre/IELE 2210 - Sistemas Electrónicos Digitales/Library-M02/PRJ0_COMPARATOR_2_Students/rtl/CC_LESSTHAN.v    ;         ;
; rtl/CC_GREATERTHAN.v             ; yes             ; User Verilog HDL File  ; C:/Users/santi/OneDrive/Escritorio/Tasks/UNIVERSIDAD de Los Andes/Tercer Semestre/IELE 2210 - Sistemas Electrónicos Digitales/Library-M02/PRJ0_COMPARATOR_2_Students/rtl/CC_GREATERTHAN.v ;         ;
; rtl/CC_EQUAL.v                   ; yes             ; User Verilog HDL File  ; C:/Users/santi/OneDrive/Escritorio/Tasks/UNIVERSIDAD de Los Andes/Tercer Semestre/IELE 2210 - Sistemas Electrónicos Digitales/Library-M02/PRJ0_COMPARATOR_2_Students/rtl/CC_EQUAL.v       ;         ;
; rtl/CC_COMPARATOR.v              ; yes             ; User Verilog HDL File  ; C:/Users/santi/OneDrive/Escritorio/Tasks/UNIVERSIDAD de Los Andes/Tercer Semestre/IELE 2210 - Sistemas Electrónicos Digitales/Library-M02/PRJ0_COMPARATOR_2_Students/rtl/CC_COMPARATOR.v  ;         ;
; BB_SYSTEM.v                      ; yes             ; User Verilog HDL File  ; C:/Users/santi/OneDrive/Escritorio/Tasks/UNIVERSIDAD de Los Andes/Tercer Semestre/IELE 2210 - Sistemas Electrónicos Digitales/Library-M02/PRJ0_COMPARATOR_2_Students/BB_SYSTEM.v          ;         ;
+----------------------------------+-----------------+------------------------+-------------------------------------------------------------------------------------------------------------------------------------------------------------------------------------------+---------+


+------------------------------------------------------------------------------------------------------------------------+
; Analysis & Synthesis Resource Usage Summary                                                                            ;
+---------------------------------------------+--------------------------------------------------------------------------+
; Resource                                    ; Usage                                                                    ;
+---------------------------------------------+--------------------------------------------------------------------------+
; Estimated Total logic elements              ; 13                                                                       ;
;                                             ;                                                                          ;
; Total combinational functions               ; 13                                                                       ;
; Logic element usage by number of LUT inputs ;                                                                          ;
;     -- 4 input functions                    ; 5                                                                        ;
;     -- 3 input functions                    ; 7                                                                        ;
;     -- <=2 input functions                  ; 1                                                                        ;
;                                             ;                                                                          ;
; Logic elements by mode                      ;                                                                          ;
;     -- normal mode                          ; 6                                                                        ;
;     -- arithmetic mode                      ; 7                                                                        ;
;                                             ;                                                                          ;
; Total registers                             ; 0                                                                        ;
;     -- Dedicated logic registers            ; 0                                                                        ;
;     -- I/O registers                        ; 0                                                                        ;
;                                             ;                                                                          ;
; I/O pins                                    ; 19                                                                       ;
;                                             ;                                                                          ;
; Embedded Multiplier 9-bit elements          ; 0                                                                        ;
;                                             ;                                                                          ;
; Maximum fan-out node                        ; CC_COMPARATOR:CC_COMPARATOR_u0|CC_GREATERTHAN:CC_GREATERTHAN_u0|Equal0~4 ;
; Maximum fan-out                             ; 2                                                                        ;
; Total fan-out                               ; 65                                                                       ;
; Average fan-out                             ; 1.27                                                                     ;
+---------------------------------------------+--------------------------------------------------------------------------+


+----------------------------------------------------------------------------------------------------------------------------------------------------------------------------------------------------------------------------------------------------------------------------------+
; Analysis & Synthesis Resource Utilization by Entity                                                                                                                                                                                                                              ;
+------------------------------------------+---------------------+---------------------------+-------------+--------------+---------+-----------+------+--------------+----------------------------------------------------------------------------+----------------+--------------+
; Compilation Hierarchy Node               ; Combinational ALUTs ; Dedicated Logic Registers ; Memory Bits ; DSP Elements ; DSP 9x9 ; DSP 18x18 ; Pins ; Virtual Pins ; Full Hierarchy Name                                                        ; Entity Name    ; Library Name ;
+------------------------------------------+---------------------+---------------------------+-------------+--------------+---------+-----------+------+--------------+----------------------------------------------------------------------------+----------------+--------------+
; |BB_SYSTEM                               ; 13 (0)              ; 0 (0)                     ; 0           ; 0            ; 0       ; 0         ; 19   ; 0            ; |BB_SYSTEM                                                                 ; BB_SYSTEM      ; work         ;
;    |CC_COMPARATOR:CC_COMPARATOR_u0|      ; 13 (0)              ; 0 (0)                     ; 0           ; 0            ; 0       ; 0         ; 0    ; 0            ; |BB_SYSTEM|CC_COMPARATOR:CC_COMPARATOR_u0                                  ; CC_COMPARATOR  ; work         ;
;       |CC_GREATERTHAN:CC_GREATERTHAN_u0| ; 5 (5)               ; 0 (0)                     ; 0           ; 0            ; 0       ; 0         ; 0    ; 0            ; |BB_SYSTEM|CC_COMPARATOR:CC_COMPARATOR_u0|CC_GREATERTHAN:CC_GREATERTHAN_u0 ; CC_GREATERTHAN ; work         ;
;       |CC_LESSTHAN:CC_LESSTHAN_u0|       ; 8 (8)               ; 0 (0)                     ; 0           ; 0            ; 0       ; 0         ; 0    ; 0            ; |BB_SYSTEM|CC_COMPARATOR:CC_COMPARATOR_u0|CC_LESSTHAN:CC_LESSTHAN_u0       ; CC_LESSTHAN    ; work         ;
+------------------------------------------+---------------------+---------------------------+-------------+--------------+---------+-----------+------+--------------+----------------------------------------------------------------------------+----------------+--------------+
Note: For table entries with two numbers listed, the numbers in parentheses indicate the number of resources of the given type used by the specific entity alone. The numbers listed outside of parentheses indicate the total resources of the given type used by the specific entity and all of its sub-entities in the hierarchy.


+------------------------------------------------------+
; General Register Statistics                          ;
+----------------------------------------------+-------+
; Statistic                                    ; Value ;
+----------------------------------------------+-------+
; Total registers                              ; 0     ;
; Number of registers using Synchronous Clear  ; 0     ;
; Number of registers using Synchronous Load   ; 0     ;
; Number of registers using Asynchronous Clear ; 0     ;
; Number of registers using Asynchronous Load  ; 0     ;
; Number of registers using Clock Enable       ; 0     ;
; Number of registers using Preset             ; 0     ;
+----------------------------------------------+-------+


+---------------------------------------------------------------------------+
; Parameter Settings for User Entity Instance: Top-level Entity: |BB_SYSTEM ;
+------------------+-------+------------------------------------------------+
; Parameter Name   ; Value ; Type                                           ;
+------------------+-------+------------------------------------------------+
; NUMBER_DATAWIDTH ; 8     ; Signed Integer                                 ;
+------------------+-------+------------------------------------------------+
Note: In order to hide this table in the UI and the text report file, please set the "Show Parameter Settings in Synthesis Report" option in "Analysis and Synthesis Settings -> More Settings" to "Off".


+-----------------------------------------------------------------------------+
; Parameter Settings for User Entity Instance: CC_COMPARATOR:CC_COMPARATOR_u0 ;
+------------------+-------+--------------------------------------------------+
; Parameter Name   ; Value ; Type                                             ;
+------------------+-------+--------------------------------------------------+
; NUMBER_DATAWIDTH ; 8     ; Signed Integer                                   ;
+------------------+-------+--------------------------------------------------+
Note: In order to hide this table in the UI and the text report file, please set the "Show Parameter Settings in Synthesis Report" option in "Analysis and Synthesis Settings -> More Settings" to "Off".


+--------------------------------------------------------------------------------------------------------------+
; Parameter Settings for User Entity Instance: CC_COMPARATOR:CC_COMPARATOR_u0|CC_GREATERTHAN:CC_GREATERTHAN_u0 ;
+------------------+-------+-----------------------------------------------------------------------------------+
; Parameter Name   ; Value ; Type                                                                              ;
+------------------+-------+-----------------------------------------------------------------------------------+
; NUMBER_DATAWIDTH ; 8     ; Signed Integer                                                                    ;
+------------------+-------+-----------------------------------------------------------------------------------+
Note: In order to hide this table in the UI and the text report file, please set the "Show Parameter Settings in Synthesis Report" option in "Analysis and Synthesis Settings -> More Settings" to "Off".


+--------------------------------------------------------------------------------------------------------+
; Parameter Settings for User Entity Instance: CC_COMPARATOR:CC_COMPARATOR_u0|CC_LESSTHAN:CC_LESSTHAN_u0 ;
+------------------+-------+-----------------------------------------------------------------------------+
; Parameter Name   ; Value ; Type                                                                        ;
+------------------+-------+-----------------------------------------------------------------------------+
; NUMBER_DATAWIDTH ; 8     ; Signed Integer                                                              ;
+------------------+-------+-----------------------------------------------------------------------------+
Note: In order to hide this table in the UI and the text report file, please set the "Show Parameter Settings in Synthesis Report" option in "Analysis and Synthesis Settings -> More Settings" to "Off".


+--------------------------------------------------------------------------------------------------+
; Parameter Settings for User Entity Instance: CC_COMPARATOR:CC_COMPARATOR_u0|CC_EQUAL:CC_EQUAL_u0 ;
+------------------+-------+-----------------------------------------------------------------------+
; Parameter Name   ; Value ; Type                                                                  ;
+------------------+-------+-----------------------------------------------------------------------+
; NUMBER_DATAWIDTH ; 8     ; Signed Integer                                                        ;
+------------------+-------+-----------------------------------------------------------------------+
Note: In order to hide this table in the UI and the text report file, please set the "Show Parameter Settings in Synthesis Report" option in "Analysis and Synthesis Settings -> More Settings" to "Off".


+-----------------------------------------------------+
; Post-Synthesis Netlist Statistics for Top Partition ;
+-----------------------+-----------------------------+
; Type                  ; Count                       ;
+-----------------------+-----------------------------+
; boundary_port         ; 19                          ;
; cycloneiii_lcell_comb ; 15                          ;
;     arith             ; 7                           ;
;         3 data inputs ; 7                           ;
;     normal            ; 8                           ;
;         1 data inputs ; 2                           ;
;         2 data inputs ; 1                           ;
;         4 data inputs ; 5                           ;
;                       ;                             ;
; Max LUT depth         ; 3.00                        ;
; Average LUT depth     ; 2.91                        ;
+-----------------------+-----------------------------+


+-------------------------------+
; Elapsed Time Per Partition    ;
+----------------+--------------+
; Partition Name ; Elapsed Time ;
+----------------+--------------+
; Top            ; 00:00:03     ;
+----------------+--------------+


+-------------------------------+
; Analysis & Synthesis Messages ;
+-------------------------------+
Info: *******************************************************************
Info: Running Quartus Prime Analysis & Synthesis
    Info: Version 19.1.0 Build 670 09/22/2019 SJ Lite Edition
    Info: Processing started: Wed Mar 03 08:22:55 2021
Info: Command: quartus_map --read_settings_files=on --write_settings_files=off BB_SYSTEM -c BB_SYSTEM
Info (20032): Parallel compilation is enabled and will use up to 4 processors
Info (12021): Found 1 design units, including 1 entities, in source file rtl/cc_lessthan.v
    Info (12023): Found entity 1: CC_LESSTHAN File: C:/Users/santi/OneDrive/Escritorio/Tasks/UNIVERSIDAD de Los Andes/Tercer Semestre/IELE 2210 - Sistemas Electrónicos Digitales/Library-M02/PRJ0_COMPARATOR_2_Students/rtl/CC_LESSTHAN.v Line: 21
Info (12021): Found 1 design units, including 1 entities, in source file rtl/cc_greaterthan.v
    Info (12023): Found entity 1: CC_GREATERTHAN File: C:/Users/santi/OneDrive/Escritorio/Tasks/UNIVERSIDAD de Los Andes/Tercer Semestre/IELE 2210 - Sistemas Electrónicos Digitales/Library-M02/PRJ0_COMPARATOR_2_Students/rtl/CC_GREATERTHAN.v Line: 21
Info (12021): Found 1 design units, including 1 entities, in source file rtl/cc_equal.v
    Info (12023): Found entity 1: CC_EQUAL File: C:/Users/santi/OneDrive/Escritorio/Tasks/UNIVERSIDAD de Los Andes/Tercer Semestre/IELE 2210 - Sistemas Electrónicos Digitales/Library-M02/PRJ0_COMPARATOR_2_Students/rtl/CC_EQUAL.v Line: 21
Info (12021): Found 1 design units, including 1 entities, in source file rtl/cc_comparator.v
    Info (12023): Found entity 1: CC_COMPARATOR File: C:/Users/santi/OneDrive/Escritorio/Tasks/UNIVERSIDAD de Los Andes/Tercer Semestre/IELE 2210 - Sistemas Electrónicos Digitales/Library-M02/PRJ0_COMPARATOR_2_Students/rtl/CC_COMPARATOR.v Line: 21
Info (12021): Found 1 design units, including 1 entities, in source file bb_system.v
    Info (12023): Found entity 1: BB_SYSTEM File: C:/Users/santi/OneDrive/Escritorio/Tasks/UNIVERSIDAD de Los Andes/Tercer Semestre/IELE 2210 - Sistemas Electrónicos Digitales/Library-M02/PRJ0_COMPARATOR_2_Students/BB_SYSTEM.v Line: 21
Info (12127): Elaborating entity "BB_SYSTEM" for the top level hierarchy
Info (12128): Elaborating entity "CC_COMPARATOR" for hierarchy "CC_COMPARATOR:CC_COMPARATOR_u0" File: C:/Users/santi/OneDrive/Escritorio/Tasks/UNIVERSIDAD de Los Andes/Tercer Semestre/IELE 2210 - Sistemas Electrónicos Digitales/Library-M02/PRJ0_COMPARATOR_2_Students/BB_SYSTEM.v Line: 56
Info (12128): Elaborating entity "CC_GREATERTHAN" for hierarchy "CC_COMPARATOR:CC_COMPARATOR_u0|CC_GREATERTHAN:CC_GREATERTHAN_u0" File: C:/Users/santi/OneDrive/Escritorio/Tasks/UNIVERSIDAD de Los Andes/Tercer Semestre/IELE 2210 - Sistemas Electrónicos Digitales/Library-M02/PRJ0_COMPARATOR_2_Students/rtl/CC_COMPARATOR.v Line: 55
Info (12128): Elaborating entity "CC_LESSTHAN" for hierarchy "CC_COMPARATOR:CC_COMPARATOR_u0|CC_LESSTHAN:CC_LESSTHAN_u0" File: C:/Users/santi/OneDrive/Escritorio/Tasks/UNIVERSIDAD de Los Andes/Tercer Semestre/IELE 2210 - Sistemas Electrónicos Digitales/Library-M02/PRJ0_COMPARATOR_2_Students/rtl/CC_COMPARATOR.v Line: 61
Info (12128): Elaborating entity "CC_EQUAL" for hierarchy "CC_COMPARATOR:CC_COMPARATOR_u0|CC_EQUAL:CC_EQUAL_u0" File: C:/Users/santi/OneDrive/Escritorio/Tasks/UNIVERSIDAD de Los Andes/Tercer Semestre/IELE 2210 - Sistemas Electrónicos Digitales/Library-M02/PRJ0_COMPARATOR_2_Students/rtl/CC_COMPARATOR.v Line: 67
Info (286030): Timing-Driven Synthesis is running
Info (16010): Generating hard_block partition "hard_block:auto_generated_inst"
    Info (16011): Adding 0 node(s), including 0 DDIO, 0 PLL, 0 transceiver and 0 LCELL
Info (21057): Implemented 32 device resources after synthesis - the final resource count might be different
    Info (21058): Implemented 16 input pins
    Info (21059): Implemented 3 output pins
    Info (21061): Implemented 13 logic cells
Info: Quartus Prime Analysis & Synthesis was successful. 0 errors, 0 warnings
    Info: Peak virtual memory: 4765 megabytes
    Info: Processing ended: Wed Mar 03 08:23:33 2021
    Info: Elapsed time: 00:00:38
    Info: Total CPU time (on all processors): 00:01:09


